Performing C SOURCE FILE Test CMAKE_HAVE_LIBC_PTHREAD failed with the following output:
Change Dir: /home/yang/workspace/Mecanum-robot-slam-gazebo/build_isolated/mecanum_robot_gazebo/CMakeFiles/CMakeTmp

Run Build Command(s):/usr/bin/ninja cmTC_20010 && [1/2] Building C object CMakeFiles/cmTC_20010.dir/src.c.o
[2/2] Linking C executable cmTC_20010
FAILED: cmTC_20010 
: && /usr/bin/cc -DCMAKE_HAVE_LIBC_PTHREAD  -rdynamic CMakeFiles/cmTC_20010.dir/src.c.o  -o cmTC_20010   && :
/usr/bin/ld: CMakeFiles/cmTC_20010.dir/src.c.o: in function `main':
src.c:(.text+0x46): undefined reference to `pthread_create'
/usr/bin/ld: src.c:(.text+0x52): undefined reference to `pthread_detach'
/usr/bin/ld: src.c:(.text+0x63): undefined reference to `pthread_join'
collect2: error: ld returned 1 exit status
ninja: build stopped: subcommand failed.


Source file was:
#include <pthread.h>

void* test_func(void* data)
{
  return data;
}

int main(void)
{
  pthread_t thread;
  pthread_create(&thread, NULL, test_func, NULL);
  pthread_detach(thread);
  pthread_join(thread, NULL);
  pthread_atfork(NULL, NULL, NULL);
  pthread_exit(NULL);

  return 0;
}

Determining if the function pthread_create exists in the pthreads failed with the following output:
Change Dir: /home/yang/workspace/Mecanum-robot-slam-gazebo/build_isolated/mecanum_robot_gazebo/CMakeFiles/CMakeTmp

Run Build Command(s):/usr/bin/ninja cmTC_e1e0b && [1/2] Building C object CMakeFiles/cmTC_e1e0b.dir/CheckFunctionExists.c.o
[2/2] Linking C executable cmTC_e1e0b
FAILED: cmTC_e1e0b 
: && /usr/bin/cc -DCHECK_FUNCTION_EXISTS=pthread_create  -rdynamic CMakeFiles/cmTC_e1e0b.dir/CheckFunctionExists.c.o  -o cmTC_e1e0b  -lpthreads && :
/usr/bin/ld: cannot find -lpthreads
collect2: error: ld returned 1 exit status
ninja: build stopped: subcommand failed.



