Performing C SOURCE FILE Test CMAKE_HAVE_LIBC_PTHREAD failed with the following output:
Change Dir: /home/yang/workspace/Mecanum-robot-slam-gazebo/build_isolated/turtlebot3_slam/CMakeFiles/CMakeTmp

Run Build Command(s):/usr/bin/ninja cmTC_85d0f && [1/2] Building C object CMakeFiles/cmTC_85d0f.dir/src.c.o
[2/2] Linking C executable cmTC_85d0f
FAILED: cmTC_85d0f 
: && /usr/bin/cc -DCMAKE_HAVE_LIBC_PTHREAD  -rdynamic CMakeFiles/cmTC_85d0f.dir/src.c.o  -o cmTC_85d0f   && :
/usr/bin/ld: CMakeFiles/cmTC_85d0f.dir/src.c.o: in function `main':
src.c:(.text+0x46): undefined reference to `pthread_create'
/usr/bin/ld: src.c:(.text+0x52): undefined reference to `pthread_detach'
/usr/bin/ld: src.c:(.text+0x63): undefined reference to `pthread_join'
collect2: error: ld returned 1 exit status
ninja: build stopped: subcommand failed.


Source file was:
#include <pthread.h>

void* test_func(void* data)
{
  return data;
}

int main(void)
{
  pthread_t thread;
  pthread_create(&thread, NULL, test_func, NULL);
  pthread_detach(thread);
  pthread_join(thread, NULL);
  pthread_atfork(NULL, NULL, NULL);
  pthread_exit(NULL);

  return 0;
}

Determining if the function pthread_create exists in the pthreads failed with the following output:
Change Dir: /home/yang/workspace/Mecanum-robot-slam-gazebo/build_isolated/turtlebot3_slam/CMakeFiles/CMakeTmp

Run Build Command(s):/usr/bin/ninja cmTC_17d32 && [1/2] Building C object CMakeFiles/cmTC_17d32.dir/CheckFunctionExists.c.o
[2/2] Linking C executable cmTC_17d32
FAILED: cmTC_17d32 
: && /usr/bin/cc -DCHECK_FUNCTION_EXISTS=pthread_create  -rdynamic CMakeFiles/cmTC_17d32.dir/CheckFunctionExists.c.o  -o cmTC_17d32  -lpthreads && :
/usr/bin/ld: cannot find -lpthreads
collect2: error: ld returned 1 exit status
ninja: build stopped: subcommand failed.



